2024-06-21 15:04:04.871 [http-nio-8080-exec-9] DEBUG a.d.b.c.config.logger.LoggingAspect - Method getAuthenticatedCustomerId() - arguments: []
2024-06-21 15:04:04.871 [http-nio-8080-exec-9] DEBUG a.d.b.c.config.logger.LoggingAspect - Method getAuthenticatedCustomerId() - arguments: []
2024-06-21 15:04:04.881 [http-nio-8080-exec-9] DEBUG a.d.b.c.config.logger.LoggingAspect - Method getAuthenticatedCustomerId() - result: <200 OK OK,art.deerborg.bank.common.util.result.ApiResponse@b246b1a,[]> - execution time: 10 ms
2024-06-21 15:04:04.881 [http-nio-8080-exec-9] DEBUG a.d.b.c.config.logger.LoggingAspect - Method getAuthenticatedCustomerId() - result: <200 OK OK,art.deerborg.bank.common.util.result.ApiResponse@b246b1a,[]> - execution time: 11 ms
2024-06-21 15:04:04.991 [http-nio-8080-exec-10] DEBUG a.d.b.c.config.logger.LoggingAspect - Method addAccount() - arguments: [art.deerborg.bank.bank.model.entity.AccountEntity@22a028f3]
2024-06-21 15:04:04.991 [http-nio-8080-exec-10] DEBUG a.d.b.c.config.logger.LoggingAspect - Method addAccount() - arguments: [art.deerborg.bank.bank.model.entity.AccountEntity@22a028f3]
2024-06-21 15:04:05.014 [http-nio-8080-exec-10] DEBUG a.d.b.c.config.logger.LoggingAspect - Method addAccount() - result: <200 OK OK,art.deerborg.bank.common.util.result.ApiResponse@5b7bd48b,[]> - execution time: 23 ms
2024-06-21 15:04:05.015 [http-nio-8080-exec-10] DEBUG a.d.b.c.config.logger.LoggingAspect - Method addAccount() - result: <200 OK OK,art.deerborg.bank.common.util.result.ApiResponse@5b7bd48b,[]> - execution time: 24 ms
2024-06-21 15:04:05.820 [http-nio-8080-exec-1] DEBUG a.d.b.c.config.logger.LoggingAspect - Method addBalance() - arguments: [art.deerborg.bank.bank.model.dto.request.AccountChangeBalanceRequest@11a960b5]
2024-06-21 15:04:05.821 [http-nio-8080-exec-1] DEBUG a.d.b.c.config.logger.LoggingAspect - Method addBalance() - arguments: [art.deerborg.bank.bank.model.dto.request.AccountChangeBalanceRequest@11a960b5]
2024-06-21 15:04:05.854 [http-nio-8080-exec-1] DEBUG a.d.b.c.config.logger.LoggingAspect - Method addBalance() - result: <200 OK OK,art.deerborg.bank.common.util.result.ApiResponse@1b4fb2b7,[]> - execution time: 33 ms
2024-06-21 15:04:05.854 [http-nio-8080-exec-1] DEBUG a.d.b.c.config.logger.LoggingAspect - Method addBalance() - result: <200 OK OK,art.deerborg.bank.common.util.result.ApiResponse@1b4fb2b7,[]> - execution time: 34 ms
2024-06-21 15:04:07.661 [http-nio-8080-exec-6] DEBUG a.d.b.c.config.logger.LoggingAspect - Method sendMoney() - arguments: [art.deerborg.bank.bank.model.dto.request.AccountTransferMoneyRequest@383dace6]
2024-06-21 15:04:07.662 [http-nio-8080-exec-6] DEBUG a.d.b.c.config.logger.LoggingAspect - Method sendMoney() - arguments: [art.deerborg.bank.bank.model.dto.request.AccountTransferMoneyRequest@383dace6]
2024-06-21 15:04:07.668 [http-nio-8080-exec-6] ERROR a.d.b.c.config.logger.LoggingAspect - Exception in sendMoney() with cause = 'java.lang.IllegalArgumentException: The given id must not be null' and exception = 'The given id must not be null'
2024-06-21 15:04:07.668 [http-nio-8080-exec-6] ERROR a.d.b.c.config.logger.LoggingAspect - Exception in sendMoney() with cause = 'java.lang.IllegalArgumentException: The given id must not be null' and exception = 'The given id must not be null'
2024-06-21 15:04:07.830 [http-nio-8080-exec-8] DEBUG a.d.b.c.config.logger.LoggingAspect - Method sendMoney() - arguments: [art.deerborg.bank.bank.model.dto.request.AccountTransferMoneyRequest@8c439db]
2024-06-21 15:04:07.831 [http-nio-8080-exec-8] DEBUG a.d.b.c.config.logger.LoggingAspect - Method sendMoney() - arguments: [art.deerborg.bank.bank.model.dto.request.AccountTransferMoneyRequest@8c439db]
2024-06-21 15:04:07.831 [http-nio-8080-exec-8] ERROR a.d.b.c.config.logger.LoggingAspect - Exception in sendMoney() with cause = 'java.lang.IllegalArgumentException: The given id must not be null' and exception = 'The given id must not be null'
2024-06-21 15:04:07.831 [http-nio-8080-exec-8] ERROR a.d.b.c.config.logger.LoggingAspect - Exception in sendMoney() with cause = 'java.lang.IllegalArgumentException: The given id must not be null' and exception = 'The given id must not be null'
2024-06-21 15:04:07.981 [http-nio-8080-exec-7] DEBUG a.d.b.c.config.logger.LoggingAspect - Method sendMoney() - arguments: [art.deerborg.bank.bank.model.dto.request.AccountTransferMoneyRequest@140d6eb0]
2024-06-21 15:04:07.981 [http-nio-8080-exec-7] DEBUG a.d.b.c.config.logger.LoggingAspect - Method sendMoney() - arguments: [art.deerborg.bank.bank.model.dto.request.AccountTransferMoneyRequest@140d6eb0]
2024-06-21 15:04:07.982 [http-nio-8080-exec-7] ERROR a.d.b.c.config.logger.LoggingAspect - Exception in sendMoney() with cause = 'java.lang.IllegalArgumentException: The given id must not be null' and exception = 'The given id must not be null'
2024-06-21 15:04:07.982 [http-nio-8080-exec-7] ERROR a.d.b.c.config.logger.LoggingAspect - Exception in sendMoney() with cause = 'java.lang.IllegalArgumentException: The given id must not be null' and exception = 'The given id must not be null'
2024-06-21 15:04:08.125 [http-nio-8080-exec-9] DEBUG a.d.b.c.config.logger.LoggingAspect - Method sendMoney() - arguments: [art.deerborg.bank.bank.model.dto.request.AccountTransferMoneyRequest@3c828125]
2024-06-21 15:04:08.125 [http-nio-8080-exec-9] DEBUG a.d.b.c.config.logger.LoggingAspect - Method sendMoney() - arguments: [art.deerborg.bank.bank.model.dto.request.AccountTransferMoneyRequest@3c828125]
2024-06-21 15:04:08.125 [http-nio-8080-exec-9] ERROR a.d.b.c.config.logger.LoggingAspect - Exception in sendMoney() with cause = 'java.lang.IllegalArgumentException: The given id must not be null' and exception = 'The given id must not be null'
2024-06-21 15:04:08.125 [http-nio-8080-exec-9] ERROR a.d.b.c.config.logger.LoggingAspect - Exception in sendMoney() with cause = 'java.lang.IllegalArgumentException: The given id must not be null' and exception = 'The given id must not be null'
2024-06-21 15:04:08.282 [http-nio-8080-exec-10] DEBUG a.d.b.c.config.logger.LoggingAspect - Method sendMoney() - arguments: [art.deerborg.bank.bank.model.dto.request.AccountTransferMoneyRequest@89b1278]
2024-06-21 15:04:08.282 [http-nio-8080-exec-10] DEBUG a.d.b.c.config.logger.LoggingAspect - Method sendMoney() - arguments: [art.deerborg.bank.bank.model.dto.request.AccountTransferMoneyRequest@89b1278]
2024-06-21 15:04:08.282 [http-nio-8080-exec-10] ERROR a.d.b.c.config.logger.LoggingAspect - Exception in sendMoney() with cause = 'java.lang.IllegalArgumentException: The given id must not be null' and exception = 'The given id must not be null'
2024-06-21 15:04:08.282 [http-nio-8080-exec-10] ERROR a.d.b.c.config.logger.LoggingAspect - Exception in sendMoney() with cause = 'java.lang.IllegalArgumentException: The given id must not be null' and exception = 'The given id must not be null'
2024-06-21 15:04:16.593 [http-nio-8080-exec-1] DEBUG a.d.b.c.config.logger.LoggingAspect - Method sendMoney() - arguments: [art.deerborg.bank.bank.model.dto.request.AccountTransferMoneyRequest@3e5922d1]
2024-06-21 15:04:16.594 [http-nio-8080-exec-1] DEBUG a.d.b.c.config.logger.LoggingAspect - Method sendMoney() - arguments: [art.deerborg.bank.bank.model.dto.request.AccountTransferMoneyRequest@3e5922d1]
2024-06-21 15:04:16.596 [http-nio-8080-exec-1] ERROR a.d.b.c.config.logger.LoggingAspect - Exception in sendMoney() with cause = 'java.lang.IllegalArgumentException: The given id must not be null' and exception = 'The given id must not be null'
2024-06-21 15:04:16.596 [http-nio-8080-exec-1] ERROR a.d.b.c.config.logger.LoggingAspect - Exception in sendMoney() with cause = 'java.lang.IllegalArgumentException: The given id must not be null' and exception = 'The given id must not be null'
2024-06-21 15:04:16.779 [http-nio-8080-exec-2] DEBUG a.d.b.c.config.logger.LoggingAspect - Method sendMoney() - arguments: [art.deerborg.bank.bank.model.dto.request.AccountTransferMoneyRequest@2db9ee61]
2024-06-21 15:04:16.779 [http-nio-8080-exec-2] DEBUG a.d.b.c.config.logger.LoggingAspect - Method sendMoney() - arguments: [art.deerborg.bank.bank.model.dto.request.AccountTransferMoneyRequest@2db9ee61]
2024-06-21 15:04:16.780 [http-nio-8080-exec-2] ERROR a.d.b.c.config.logger.LoggingAspect - Exception in sendMoney() with cause = 'java.lang.IllegalArgumentException: The given id must not be null' and exception = 'The given id must not be null'
2024-06-21 15:04:16.780 [http-nio-8080-exec-2] ERROR a.d.b.c.config.logger.LoggingAspect - Exception in sendMoney() with cause = 'java.lang.IllegalArgumentException: The given id must not be null' and exception = 'The given id must not be null'
2024-06-21 15:04:16.967 [http-nio-8080-exec-4] DEBUG a.d.b.c.config.logger.LoggingAspect - Method sendMoney() - arguments: [art.deerborg.bank.bank.model.dto.request.AccountTransferMoneyRequest@57946d09]
2024-06-21 15:04:16.967 [http-nio-8080-exec-4] DEBUG a.d.b.c.config.logger.LoggingAspect - Method sendMoney() - arguments: [art.deerborg.bank.bank.model.dto.request.AccountTransferMoneyRequest@57946d09]
2024-06-21 15:04:16.967 [http-nio-8080-exec-4] ERROR a.d.b.c.config.logger.LoggingAspect - Exception in sendMoney() with cause = 'java.lang.IllegalArgumentException: The given id must not be null' and exception = 'The given id must not be null'
2024-06-21 15:04:16.967 [http-nio-8080-exec-4] ERROR a.d.b.c.config.logger.LoggingAspect - Exception in sendMoney() with cause = 'java.lang.IllegalArgumentException: The given id must not be null' and exception = 'The given id must not be null'
2024-06-21 15:04:17.750 [http-nio-8080-exec-3] DEBUG a.d.b.c.config.logger.LoggingAspect - Method sendMoney() - arguments: [art.deerborg.bank.bank.model.dto.request.AccountTransferMoneyRequest@2683a058]
2024-06-21 15:04:17.750 [http-nio-8080-exec-3] DEBUG a.d.b.c.config.logger.LoggingAspect - Method sendMoney() - arguments: [art.deerborg.bank.bank.model.dto.request.AccountTransferMoneyRequest@2683a058]
2024-06-21 15:04:17.752 [http-nio-8080-exec-3] ERROR a.d.b.c.config.logger.LoggingAspect - Exception in sendMoney() with cause = 'java.lang.IllegalArgumentException: The given id must not be null' and exception = 'The given id must not be null'
2024-06-21 15:04:17.752 [http-nio-8080-exec-3] ERROR a.d.b.c.config.logger.LoggingAspect - Exception in sendMoney() with cause = 'java.lang.IllegalArgumentException: The given id must not be null' and exception = 'The given id must not be null'
2024-06-21 15:04:18.267 [http-nio-8080-exec-5] DEBUG a.d.b.c.config.logger.LoggingAspect - Method sendMoney() - arguments: [art.deerborg.bank.bank.model.dto.request.AccountTransferMoneyRequest@565412d0]
2024-06-21 15:04:18.267 [http-nio-8080-exec-5] DEBUG a.d.b.c.config.logger.LoggingAspect - Method sendMoney() - arguments: [art.deerborg.bank.bank.model.dto.request.AccountTransferMoneyRequest@565412d0]
2024-06-21 15:04:18.269 [http-nio-8080-exec-5] ERROR a.d.b.c.config.logger.LoggingAspect - Exception in sendMoney() with cause = 'java.lang.IllegalArgumentException: The given id must not be null' and exception = 'The given id must not be null'
2024-06-21 15:04:18.269 [http-nio-8080-exec-5] ERROR a.d.b.c.config.logger.LoggingAspect - Exception in sendMoney() with cause = 'java.lang.IllegalArgumentException: The given id must not be null' and exception = 'The given id must not be null'
2024-06-21 15:04:18.560 [http-nio-8080-exec-6] DEBUG a.d.b.c.config.logger.LoggingAspect - Method sendMoney() - arguments: [art.deerborg.bank.bank.model.dto.request.AccountTransferMoneyRequest@60920f5a]
2024-06-21 15:04:18.560 [http-nio-8080-exec-6] DEBUG a.d.b.c.config.logger.LoggingAspect - Method sendMoney() - arguments: [art.deerborg.bank.bank.model.dto.request.AccountTransferMoneyRequest@60920f5a]
2024-06-21 15:04:18.561 [http-nio-8080-exec-6] ERROR a.d.b.c.config.logger.LoggingAspect - Exception in sendMoney() with cause = 'java.lang.IllegalArgumentException: The given id must not be null' and exception = 'The given id must not be null'
2024-06-21 15:04:18.561 [http-nio-8080-exec-6] ERROR a.d.b.c.config.logger.LoggingAspect - Exception in sendMoney() with cause = 'java.lang.IllegalArgumentException: The given id must not be null' and exception = 'The given id must not be null'
2024-06-21 15:04:40.967 [http-nio-8080-exec-8] DEBUG a.d.b.c.config.logger.LoggingAspect - Method sendMoney() - arguments: [art.deerborg.bank.bank.model.dto.request.AccountTransferMoneyRequest@53b6a548]
2024-06-21 15:04:40.967 [http-nio-8080-exec-8] DEBUG a.d.b.c.config.logger.LoggingAspect - Method sendMoney() - arguments: [art.deerborg.bank.bank.model.dto.request.AccountTransferMoneyRequest@53b6a548]
2024-06-21 15:04:40.970 [http-nio-8080-exec-8] ERROR a.d.b.c.config.logger.LoggingAspect - Exception in sendMoney() with cause = 'java.lang.IllegalArgumentException: The given id must not be null' and exception = 'The given id must not be null'
2024-06-21 15:04:40.970 [http-nio-8080-exec-8] ERROR a.d.b.c.config.logger.LoggingAspect - Exception in sendMoney() with cause = 'java.lang.IllegalArgumentException: The given id must not be null' and exception = 'The given id must not be null'
2024-06-21 15:04:41.395 [http-nio-8080-exec-7] DEBUG a.d.b.c.config.logger.LoggingAspect - Method sendMoney() - arguments: [art.deerborg.bank.bank.model.dto.request.AccountTransferMoneyRequest@31200d1a]
2024-06-21 15:04:41.395 [http-nio-8080-exec-7] DEBUG a.d.b.c.config.logger.LoggingAspect - Method sendMoney() - arguments: [art.deerborg.bank.bank.model.dto.request.AccountTransferMoneyRequest@31200d1a]
2024-06-21 15:04:41.396 [http-nio-8080-exec-7] ERROR a.d.b.c.config.logger.LoggingAspect - Exception in sendMoney() with cause = 'java.lang.IllegalArgumentException: The given id must not be null' and exception = 'The given id must not be null'
2024-06-21 15:04:41.396 [http-nio-8080-exec-7] ERROR a.d.b.c.config.logger.LoggingAspect - Exception in sendMoney() with cause = 'java.lang.IllegalArgumentException: The given id must not be null' and exception = 'The given id must not be null'
2024-06-21 15:06:17.283 [http-nio-8080-exec-7] DEBUG a.d.b.c.config.logger.LoggingAspect - Method getAuthenticatedCustomerId() - arguments: []
2024-06-21 15:06:17.293 [http-nio-8080-exec-7] DEBUG a.d.b.c.config.logger.LoggingAspect - Method getAuthenticatedCustomerId() - result: <200 OK OK,art.deerborg.bank.common.util.result.ApiResponse@66077bc0,[]> - execution time: 11 ms
2024-06-21 15:06:17.394 [http-nio-8080-exec-8] DEBUG a.d.b.c.config.logger.LoggingAspect - Method addAccount() - arguments: [art.deerborg.bank.bank.model.entity.AccountEntity@50df1026]
2024-06-21 15:06:17.414 [http-nio-8080-exec-8] DEBUG a.d.b.c.config.logger.LoggingAspect - Method addAccount() - result: <200 OK OK,art.deerborg.bank.common.util.result.ApiResponse@2ba69142,[]> - execution time: 20 ms
2024-06-21 15:06:19.809 [http-nio-8080-exec-3] DEBUG a.d.b.c.config.logger.LoggingAspect - Method sendMoney() - arguments: [art.deerborg.bank.bank.model.dto.request.AccountTransferMoneyRequest@39443da7]
2024-06-21 15:06:19.822 [http-nio-8080-exec-3] ERROR a.d.b.c.config.logger.LoggingAspect - Exception in sendMoney() with cause = 'java.lang.IllegalArgumentException: The given id must not be null' and exception = 'The given id must not be null'
2024-06-21 15:06:19.972 [http-nio-8080-exec-4] DEBUG a.d.b.c.config.logger.LoggingAspect - Method sendMoney() - arguments: [art.deerborg.bank.bank.model.dto.request.AccountTransferMoneyRequest@47899ea0]
2024-06-21 15:06:19.972 [http-nio-8080-exec-4] ERROR a.d.b.c.config.logger.LoggingAspect - Exception in sendMoney() with cause = 'java.lang.IllegalArgumentException: The given id must not be null' and exception = 'The given id must not be null'
2024-06-21 15:06:20.144 [http-nio-8080-exec-5] DEBUG a.d.b.c.config.logger.LoggingAspect - Method sendMoney() - arguments: [art.deerborg.bank.bank.model.dto.request.AccountTransferMoneyRequest@5c1b776a]
2024-06-21 15:06:20.144 [http-nio-8080-exec-5] ERROR a.d.b.c.config.logger.LoggingAspect - Exception in sendMoney() with cause = 'java.lang.IllegalArgumentException: The given id must not be null' and exception = 'The given id must not be null'
2024-06-21 15:06:20.319 [http-nio-8080-exec-6] DEBUG a.d.b.c.config.logger.LoggingAspect - Method sendMoney() - arguments: [art.deerborg.bank.bank.model.dto.request.AccountTransferMoneyRequest@8449125]
2024-06-21 15:06:20.320 [http-nio-8080-exec-6] ERROR a.d.b.c.config.logger.LoggingAspect - Exception in sendMoney() with cause = 'java.lang.IllegalArgumentException: The given id must not be null' and exception = 'The given id must not be null'
2024-06-21 15:06:20.501 [http-nio-8080-exec-7] DEBUG a.d.b.c.config.logger.LoggingAspect - Method sendMoney() - arguments: [art.deerborg.bank.bank.model.dto.request.AccountTransferMoneyRequest@55d83054]
2024-06-21 15:06:20.502 [http-nio-8080-exec-7] ERROR a.d.b.c.config.logger.LoggingAspect - Exception in sendMoney() with cause = 'java.lang.IllegalArgumentException: The given id must not be null' and exception = 'The given id must not be null'
2024-06-21 15:06:20.679 [http-nio-8080-exec-8] DEBUG a.d.b.c.config.logger.LoggingAspect - Method sendMoney() - arguments: [art.deerborg.bank.bank.model.dto.request.AccountTransferMoneyRequest@7a61b81c]
2024-06-21 15:06:20.680 [http-nio-8080-exec-8] ERROR a.d.b.c.config.logger.LoggingAspect - Exception in sendMoney() with cause = 'java.lang.IllegalArgumentException: The given id must not be null' and exception = 'The given id must not be null'
2024-06-21 15:06:20.850 [http-nio-8080-exec-9] DEBUG a.d.b.c.config.logger.LoggingAspect - Method sendMoney() - arguments: [art.deerborg.bank.bank.model.dto.request.AccountTransferMoneyRequest@4801757e]
2024-06-21 15:06:20.851 [http-nio-8080-exec-9] ERROR a.d.b.c.config.logger.LoggingAspect - Exception in sendMoney() with cause = 'java.lang.IllegalArgumentException: The given id must not be null' and exception = 'The given id must not be null'
2024-06-21 15:06:21.494 [http-nio-8080-exec-10] DEBUG a.d.b.c.config.logger.LoggingAspect - Method sendMoney() - arguments: [art.deerborg.bank.bank.model.dto.request.AccountTransferMoneyRequest@1e6d4d06]
2024-06-21 15:06:21.496 [http-nio-8080-exec-10] ERROR a.d.b.c.config.logger.LoggingAspect - Exception in sendMoney() with cause = 'java.lang.IllegalArgumentException: The given id must not be null' and exception = 'The given id must not be null'
